Arguments: 
  C:\Program Files\nodejs\node.exe C:\Program Files (x86)\Yarn\bin\yarn.js add axios

PATH: 
  C:\Windows\system32;C:\Windows;C:\Windows\System32\Wbem;C:\Windows\System32\WindowsPowerShell\v1.0\;C:\Windows\System32\OpenSSH\;C:\ProgramData\chocolatey\bin;C:\Program Files\OpenJDK\openjdk-11.0.11_9\bin;C:\Android\Sdk\emulator;C:\Android\Sdk\tools;C:\Android\Sdk\tools\bin;C:\Android\Sdk\platform-tools;C:\Users\Jeferson\AppData\Local\Yarn\bin;C:\Users\Jeferson\AppData\Roaming\nvm;C:\Program Files\nodejs;C:\Program Files\Git\cmd;C:\Android\Sdk\tools\lib;C:\Program Files (x86)\Yarn\bin\;C:\ProgramData\chocolatey\lib\Elixir/bin;C:\WINDOWS\system32;C:\WINDOWS;C:\WINDOWS\System32\Wbem;C:\WINDOWS\System32\WindowsPowerShell\v1.0\;C:\WINDOWS\System32\OpenSSH\;C:\Program Files\dotnet\;C:\Users\couto\AppData\Local\Microsoft\WindowsApps;C:\Users\couto\AppData\Local\Programs\Microsoft VS Code\bin;C:\Users\couto\AppData\Local\nvs\default;C:\Users\couto\AppData\Local\nvs\;C:\Users\couto\AppData\Local\Yarn\bin;

Yarn version: 
  1.22.15

Node version: 
  16.2.0

Platform: 
  win32 x64

Trace: 
  Error: EPERM: operation not permitted, unlink 'C:\Users\couto\OneDrive\Documentos\Cursos\nlw\return\aulas\web\node_modules\esbuild-windows-64\esbuild.exe'

npm manifest: 
  {
    "name": "web",
    "version": "0.0.0",
    "scripts": {
      "dev": "vite",
      "build": "tsc && vite build",
      "serve": "vite preview"
    },
    "dependencies": {
      "@headlessui/react": "^1.6.0",
      "html2canvas": "^1.4.1",
      "phosphor-react": "^1.4.1",
      "react": "^17.0.0",
      "react-dom": "^17.0.0"
    },
    "devDependencies": {
      "@tailwindcss/forms": "^0.5.1",
      "@types/react": "^17.0.0",
      "@types/react-dom": "^17.0.0",
      "@vitejs/plugin-react": "^1.0.0",
      "autoprefixer": "^10.4.7",
      "postcss": "^8.4.13",
      "tailwind-scrollbar": "^1.3.1",
      "tailwindcss": "^3.0.24",
      "typescript": "^4.3.2",
      "vite": "^2.6.4"
    }
  }

yarn manifest: 
  No manifest

Lockfile: 
  No lockfile
